<?xml version="1.0" encoding="UTF-8"?>
<!-- Generated by org.testng.reporters.JUnitReportReporter -->
<testsuite hostname="Vicky" failures="0" tests="2" name="Nani.HandlingDynamicTable" time="13.571" errors="0" timestamp="2024-10-24T15:16:09 IST" skipped="1">
  <testcase classname="Nani.HandlingDynamicTable" name="dynamicTableHandlingTest" time="13.571"/>
  <system-out/>
  <testcase classname="Nani.HandlingDynamicTable" name="checkBoxHandlingTest">
    <skipped/>
  </testcase> <!-- checkBoxHandlingTest -->
  <system-out/>
</testsuite> <!-- Nani.HandlingDynamicTable -->
